2019-12-21 23:32:59
		INSERT INTO
			reglon_presupuesto (
				id_presupuesto,
				id_articulo,
				cantidad,
				precio,
				estado
			)
		VALUES(
			0,
			20369,
			1,
			179.29296,
			1
		)
2019-12-21 23:33:50
		INSERT INTO
			reglon_presupuesto (
				id_presupuesto,
				id_articulo,
				cantidad,
				precio,
				estado
			)
		VALUES(
			172209,
			20148,
			1,
			211.94965,
			1
		)
2019-12-21 23:35:42
		INSERT INTO
			reglon_presupuesto (
				id_presupuesto,
				id_articulo,
				cantidad,
				precio,
				estado
			)
		VALUES(
			172210,
			20369,
			1,
			179.29296,
			1
		)
2019-12-21 23:35:421
2019-12-21 23:35:42408562
2020-02-25 05:06:06
		INSERT INTO
			reglon_presupuesto (
				id_presupuesto,
				id_articulo,
				cantidad,
				precio,
				estado
			)
		VALUES(
			172211,
			20369,
			1,
			179.29296,
			1
		)
2020-02-25 05:06:061
2020-02-25 05:06:06408563
2020-02-25 05:15:58
		INSERT INTO
			reglon_presupuesto (
				id_presupuesto,
				id_articulo,
				cantidad,
				precio,
				estado
			)
		VALUES(
			172212,
			20433,
			5,
			475.0381349999999,
			1
		)
2020-02-25 05:15:581
2020-02-25 05:15:58408564
2020-02-25 05:15:58
		INSERT INTO
			reglon_presupuesto (
				id_presupuesto,
				id_articulo,
				cantidad,
				precio,
				estado
			)
		VALUES(
			172212,
			18533,
			6,
			1287.6336000000001,
			1
		)
2020-02-25 05:15:581
2020-02-25 05:15:58408565
2020-02-25 05:15:58
		INSERT INTO
			reglon_presupuesto (
				id_presupuesto,
				id_articulo,
				cantidad,
				precio,
				estado
			)
		VALUES(
			172212,
			21603,
			9,
			431.554365,
			1
		)
2020-02-25 05:15:581
2020-02-25 05:15:58408566
2020-02-25 05:16:33
		INSERT INTO
			reglon_presupuesto (
				id_presupuesto,
				id_articulo,
				cantidad,
				precio,
				estado
			)
		VALUES(
			172213,
			20369,
			1,
			179.29296,
			1
		)
2020-02-25 05:16:331
2020-02-25 05:16:33408567
2020-02-25 05:16:33
		INSERT INTO
			reglon_presupuesto (
				id_presupuesto,
				id_articulo,
				cantidad,
				precio,
				estado
			)
		VALUES(
			172213,
			21649,
			1,
			61.867784,
			1
		)
2020-02-25 05:16:331
2020-02-25 05:16:33408568
2020-02-25 05:17:06
		INSERT INTO
			reglon_presupuesto (
				id_presupuesto,
				id_articulo,
				cantidad,
				precio,
				estado
			)
		VALUES(
			172214,
			20369,
			1,
			179.29296,
			1
		)
2020-02-25 05:17:061
2020-02-25 05:17:06408569
2020-02-25 05:17:06
		INSERT INTO
			reglon_presupuesto (
				id_presupuesto,
				id_articulo,
				cantidad,
				precio,
				estado
			)
		VALUES(
			172214,
			21602,
			1,
			47.950485,
			1
		)
2020-02-25 05:17:061
2020-02-25 05:17:06408570
2020-02-25 05:17:21
		INSERT INTO
			reglon_presupuesto (
				id_presupuesto,
				id_articulo,
				cantidad,
				precio,
				estado
			)
		VALUES(
			172215,
			21132,
			1,
			112.42678699999999,
			1
		)
2020-02-25 05:17:211
2020-02-25 05:17:21408571
2020-02-25 05:27:23
		INSERT INTO
			reglon_presupuesto (
				id_presupuesto,
				id_articulo,
				cantidad,
				precio,
				estado
			)
		VALUES(
			172216,
			20137,
			1,
			191.784879,
			1
		)
2020-02-25 05:27:231
2020-02-25 05:27:23408572
2020-02-25 05:27:23
		INSERT INTO
			reglon_presupuesto (
				id_presupuesto,
				id_articulo,
				cantidad,
				precio,
				estado
			)
		VALUES(
			172216,
			16160,
			3,
			2854.302759,
			1
		)
2020-02-25 05:27:231
2020-02-25 05:27:23408573
2020-02-25 05:31:43
		INSERT INTO
			reglon_presupuesto (
				id_presupuesto,
				id_articulo,
				cantidad,
				precio,
				estado
			)
		VALUES(
			172217,
			21636,
			1,
			0.46721246000000044,
			1
		)
2020-02-25 05:31:431
2020-02-25 05:31:43408574
2020-02-25 05:54:47
		INSERT INTO
			reglon_presupuesto (
				id_presupuesto,
				id_articulo,
				cantidad,
				precio,
				estado
			)
		VALUES(
			172218,
			21630,
			1,
			0.6302285000000005,
			1
		)
2020-02-25 05:54:471
2020-02-25 05:54:47408575
2020-02-25 07:28:16
		INSERT INTO
			reglon_presupuesto (
				id_presupuesto,
				id_articulo,
				cantidad,
				precio,
				estado
			)
		VALUES(
			172219,
			20369,
			1,
			1.7929296000000015,
			1
		)
2020-02-25 07:28:161
2020-02-25 07:28:16408576
2020-02-25 07:36:27
		INSERT INTO
			reglon_presupuesto (
				id_presupuesto,
				id_articulo,
				cantidad,
				precio,
				estado
			)
		VALUES(
			172220,
			18184,
			1,
			2.459034600000002,
			1
		)
2020-02-25 07:36:271
2020-02-25 07:36:27408577
2020-02-25 07:47:04
		INSERT INTO
			reglon_presupuesto (
				id_presupuesto,
				id_articulo,
				cantidad,
				precio,
				estado
			)
		VALUES(
			172221,
			20369,
			8,
			14.343436800000012,
			1
		)
2020-02-25 07:47:041
2020-02-25 07:47:04408578
2020-03-17 00:12:53
		INSERT INTO
			reglon_presupuesto (
				id_presupuesto,
				id_articulo,
				cantidad,
				precio,
				estado
			)
		VALUES(
			172223,
			21411,
			1,
			93.55369099999999,
			1
		)
2020-03-17 00:12:531
2020-03-17 00:12:53408580
2020-03-17 00:12:53
		INSERT INTO
			reglon_presupuesto (
				id_presupuesto,
				id_articulo,
				cantidad,
				precio,
				estado
			)
		VALUES(
			172223,
			19858,
			3,
			427.79186999999996,
			1
		)
2020-03-17 00:12:531
2020-03-17 00:12:53408581
2020-04-06 01:16:26
		INSERT INTO
			reglon_presupuesto (
				id_presupuesto,
				id_articulo,
				cantidad,
				precio,
				estado
			)
		VALUES(
			172224,
			21604,
			1,
			0.4795000000000005,
			1
		)
2020-04-06 01:16:261
2020-04-06 01:16:26408582
2020-04-11 13:41:33
		INSERT INTO
			reglon_presupuesto (
				id_presupuesto,
				id_articulo,
				cantidad,
				precio,
				estado
			)
		VALUES(
			172225,
			20369,
			1,
			179.293,
			1
		)
2020-04-11 13:41:331
2020-04-11 13:41:33408583
